<?xml version="1.0" encoding="UTF-8"?>
<!-- Generated by org.testng.reporters.JUnitReportReporter -->
<testsuite hostname="LAPTOP-6FAO6AVT" failures="0" tests="1" name="qaclickacademy.RESTAPITest" time="0.000" errors="0" timestamp="2020-08-07T00:09:12 IST" skipped="0">
  <testcase classname="qaclickacademy.RESTAPITest" name="postJira" time="0.000"/>
  <system-out/>
</testsuite> <!-- qaclickacademy.RESTAPITest -->
